0 info it worked if it ends with ok
1 verbose cli [ 'C:\\Program Files (x86)\\nodejs\\\\node.exe',
1 verbose cli   'C:\\Program Files (x86)\\nodejs\\node_modules\\npm\\bin\\npm-cli.js',
1 verbose cli   'install',
1 verbose cli   '-g',
1 verbose cli   'node-inspector' ]
2 info using npm@1.1.45
3 info using node@v0.8.4
4 verbose node symlink C:\Program Files (x86)\nodejs\\node.exe
5 verbose config file C:\Users\p950ase\.npmrc
6 verbose config file C:\Program Files (x86)\nodejs\etc\npmrc
7 verbose config file C:\Program Files (x86)\nodejs\node_modules\npm\npmrc
8 verbose read json C:\Users\p950ase\AppData\Roaming\npm\package.json
9 verbose read json C:\Users\p950ase\AppData\Roaming\npm\package.json
10 verbose cache add [ 'node-inspector', null ]
11 silly cache add name=undefined spec="node-inspector" args=["node-inspector",null]
12 verbose parsed url { pathname: 'node-inspector',
12 verbose parsed url   path: 'node-inspector',
12 verbose parsed url   href: 'node-inspector' }
13 silly lockFile 4198ef9e-node-inspector node-inspector
14 verbose lock node-inspector C:\Users\p950ase\AppData\Roaming\npm-cache\4198ef9e-node-inspector.lock
15 silly lockFile 4198ef9e-node-inspector node-inspector
16 verbose addNamed [ 'node-inspector', '' ]
17 verbose addNamed [ null, '' ]
18 silly lockFile e68b88da-node-inspector node-inspector@
19 verbose lock node-inspector@ C:\Users\p950ase\AppData\Roaming\npm-cache\e68b88da-node-inspector.lock
20 silly addNameRange { name: 'node-inspector', range: '', hasData: false }
21 verbose url raw node-inspector
22 verbose url resolving [ 'https://registry.npmjs.org/', './node-inspector' ]
23 verbose url resolved https://registry.npmjs.org/node-inspector
24 info retry registry request attempt 1 at 08:59:17
25 http GET https://registry.npmjs.org/node-inspector
26 info retry will retry, error on last attempt: Error: tunneling socket could not be established, cause=Parse Error
27 info retry registry request attempt 2 at 08:59:28
28 http GET https://registry.npmjs.org/node-inspector
29 info retry will retry, error on last attempt: Error: tunneling socket could not be established, cause=Parse Error
30 info retry registry request attempt 3 at 09:00:28
31 http GET https://registry.npmjs.org/node-inspector
32 silly lockFile e68b88da-node-inspector node-inspector@
33 error Error: tunneling socket could not be established, cause=Parse Error
33 error     at ClientRequest.onError (C:\Program Files (x86)\nodejs\node_modules\npm\node_modules\request\tunnel.js:161:17)
33 error     at ClientRequest.g (events.js:185:14)
33 error     at ClientRequest.EventEmitter.emit (events.js:88:17)
33 error     at Socket.socketErrorListener (http.js:1320:9)
33 error     at Socket.EventEmitter.emit (events.js:88:17)
33 error     at Socket._destroy.self.errorEmitted (net.js:335:14)
33 error     at process.startup.processNextTick.process._tickCallback (node.js:244:9)
34 error If you need help, you may report this log at:
34 error     <http://github.com/isaacs/npm/issues>
34 error or email it to:
34 error     <npm-@googlegroups.com>
35 error System Windows_NT 6.1.7601
36 error command "C:\\Program Files (x86)\\nodejs\\\\node.exe" "C:\\Program Files (x86)\\nodejs\\node_modules\\npm\\bin\\npm-cli.js" "install" "-g" "node-inspector"
37 error cwd C:\ws\webdev\timeslicer
38 error node -v v0.8.4
39 error npm -v 1.1.45
40 error code ECONNRESET
41 verbose exit [ 1, true ]
